2023-06-08 21:45:26.658    [main] WARN  c.a.cloud.nacos.client.NacosPropertySourceBuilder - Ignore the empty nacos configuration and get it based on dataId[order] & group[DEFAULT_GROUP]
2023-06-08 21:45:26.672    [main] WARN  c.a.cloud.nacos.client.NacosPropertySourceBuilder - Ignore the empty nacos configuration and get it based on dataId[order.properties] & group[DEFAULT_GROUP]
2023-06-08 21:45:26.676    [main] INFO  o.s.c.b.c.PropertySourceBootstrapConfiguration - Located property source: [BootstrapPropertySource {name='bootstrapProperties-order.properties,DEFAULT_GROUP'}, BootstrapPropertySource {name='bootstrapProperties-order,DEFAULT_GROUP'}]
2023-06-08 21:45:26.700    [main] INFO  com.order.OrderApplication - No active profile set, falling back to default profiles: default
2023-06-08 21:45:26.815    [main] WARN  o.s.cloud.commons.util.SpringFactoryImportSelector - More than one implementation of @EnableCircuitBreaker (now relying on @Conditionals to pick one): [com.alibaba.cloud.sentinel.custom.SentinelCircuitBreakerConfiguration, org.springframework.cloud.netflix.hystrix.HystrixCircuitBreakerConfiguration]
2023-06-08 21:45:27.637    [main] WARN  o.springframework.boot.actuate.endpoint.EndpointId - Endpoint ID 'service-registry' contains invalid characters, please migrate to a valid format.
2023-06-08 21:45:27.646    [main] WARN  o.springframework.boot.actuate.endpoint.EndpointId - Endpoint ID 'hystrix.stream' contains invalid characters, please migrate to a valid format.
2023-06-08 21:45:27.772    [main] INFO  o.springframework.cloud.context.scope.GenericScope - BeanFactory id=926acb2f-21b5-3e17-a475-c4669b57243b
2023-06-08 21:45:27.815    [main] INFO  o.s.c.s.PostProcessorRegistrationDelegate$BeanPostProcessorChecker - Bean 'com.order.client.GoodsFeignClient' of type [org.springframework.cloud.openfeign.FeignClientFactoryBean] is not eligible for getting processed by all BeanPostProcessors (for example: not eligible for auto-proxying)
2023-06-08 21:45:28.053    [main] INFO  o.s.c.s.PostProcessorRegistrationDelegate$BeanPostProcessorChecker - Bean 'spring.cloud.sentinel-com.alibaba.cloud.sentinel.SentinelProperties' of type [com.alibaba.cloud.sentinel.SentinelProperties] is not eligible for getting processed by all BeanPostProcessors (for example: not eligible for auto-proxying)
2023-06-08 21:45:28.149    [main] INFO  o.s.c.s.PostProcessorRegistrationDelegate$BeanPostProcessorChecker - Bean 'com.alibaba.cloud.sentinel.custom.SentinelAutoConfiguration' of type [com.alibaba.cloud.sentinel.custom.SentinelAutoConfiguration$$EnhancerBySpringCGLIB$$b775c708] is not eligible for getting processed by all BeanPostProcessors (for example: not eligible for auto-proxying)
2023-06-08 21:45:28.409    [main] WARN  io.undertow.websockets.jsr - UT026010: Buffer pool was not set on WebSocketDeploymentInfo, the default pool will be used
2023-06-08 21:45:28.423    [main] INFO  io.undertow.servlet - Initializing Spring embedded WebApplicationContext
2023-06-08 21:45:28.423    [main] INFO  o.s.b.w.s.c.ServletWebServerApplicationContext - Root WebApplicationContext: initialization completed in 1693 ms
2023-06-08 21:45:28.436    [main] INFO  c.a.cloud.sentinel.SentinelWebAutoConfiguration - [Sentinel Starter] register Sentinel CommonFilter with urlPatterns: [/*].
2023-06-08 21:45:28.604    [main] WARN  com.netflix.config.sources.URLConfigurationSource - No URLs will be polled as dynamic configuration sources.
2023-06-08 21:45:28.605    [main] INFO  com.netflix.config.sources.URLConfigurationSource - To enable URLs as dynamic configuration sources, define System property archaius.configurationSource.additionalUrls or make config.properties available on classpath.
2023-06-08 21:45:28.610    [main] INFO  com.netflix.config.DynamicPropertyFactory - DynamicPropertyFactory is initialized with configuration sources: com.netflix.config.ConcurrentCompositeConfiguration@10db6131
2023-06-08 21:45:29.086    [main] WARN  com.netflix.config.sources.URLConfigurationSource - No URLs will be polled as dynamic configuration sources.
2023-06-08 21:45:29.087    [main] INFO  com.netflix.config.sources.URLConfigurationSource - To enable URLs as dynamic configuration sources, define System property archaius.configurationSource.additionalUrls or make config.properties available on classpath.
2023-06-08 21:45:29.188    [main] INFO  o.s.scheduling.concurrent.ThreadPoolTaskExecutor - Initializing ExecutorService 'applicationTaskExecutor'
2023-06-08 21:45:29.353    [main] INFO  o.s.scheduling.concurrent.ThreadPoolTaskScheduler - Initializing ExecutorService 'Nacos-Watch-Task-Scheduler'
2023-06-08 21:45:29.444    [main] INFO  o.s.b.f.a.AutowiredAnnotationBeanPostProcessor - Inconsistent constructor declaration on bean with name 'org.springblade.core.launch.server.ServerInfo': single autowire-marked constructor flagged as optional - this constructor is effectively required since there is no default constructor to fall back to: public org.springblade.core.launch.server.ServerInfo$$EnhancerBySpringCGLIB$$320ae313(org.springframework.boot.autoconfigure.web.ServerProperties)
2023-06-08 21:45:29.734    [main] INFO  o.s.b.actuate.endpoint.web.EndpointLinksResolver - Exposing 2 endpoint(s) beneath base path '/actuator'
2023-06-08 21:45:29.916    [main] INFO  io.undertow - starting server: Undertow - 2.1.3.Final
2023-06-08 21:45:29.927    [main] INFO  org.xnio - XNIO version 3.8.0.Final
2023-06-08 21:45:29.979    [main] INFO  org.xnio.nio - XNIO NIO Implementation Version 3.8.0.Final
2023-06-08 21:45:30.043    [main] INFO  org.jboss.threads - JBoss Threads version 3.1.0.Final
2023-06-08 21:45:30.093    [main] INFO  o.s.boot.web.embedded.undertow.UndertowWebServer - Undertow started on port(s) 7001 (http)
2023-06-08 21:45:30.192    [main] INFO  c.a.cloud.nacos.registry.NacosServiceRegistry - nacos registry, DEFAULT_GROUP order 127.0.0.1:7001 register finished
2023-06-08 21:45:30.207    [main] INFO  org.springblade.core.launch.StartEventListener - ---[ORDER]---启动完成，当前使用的端口:[7001]，环境变量:[]---
2023-06-08 21:45:30.235    [main] INFO  com.order.OrderApplication - Started OrderApplication in 5.077 seconds (JVM running for 5.713)
2023-06-08 21:45:30.527    [RMI TCP Connection(3)-127.0.0.1] INFO  io.undertow.servlet - Initializing Spring DispatcherServlet 'dispatcherServlet'
2023-06-08 21:45:30.528    [RMI TCP Connection(3)-127.0.0.1] INFO  org.springframework.web.servlet.DispatcherServlet - Initializing Servlet 'dispatcherServlet'
2023-06-08 21:45:30.589    [RMI TCP Connection(3)-127.0.0.1] INFO  org.springframework.web.servlet.DispatcherServlet - Completed initialization in 61 ms
2023-06-08 21:46:48.199    [Thread-4] WARN  com.alibaba.nacos.common.http.HttpClientBeanHolder - [HttpClientBeanHolder] Start destroying common HttpClient
2023-06-08 21:46:48.199    [Thread-21] WARN  com.alibaba.nacos.common.notify.NotifyCenter - [NotifyCenter] Start destroying Publisher
2023-06-08 21:46:48.208    [Thread-4] WARN  com.alibaba.nacos.common.http.HttpClientBeanHolder - [HttpClientBeanHolder] Destruction of the end
2023-06-08 21:46:48.208    [Thread-21] WARN  com.alibaba.nacos.common.notify.NotifyCenter - [NotifyCenter] Destruction of the end
2023-06-08 21:46:48.230    [SpringContextShutdownHook] INFO  io.undertow - stopping server: Undertow - 2.1.3.Final
2023-06-08 21:46:48.246    [SpringContextShutdownHook] INFO  io.undertow.servlet - Destroying Spring FrameworkServlet 'dispatcherServlet'
2023-06-08 21:46:48.248    [SpringContextShutdownHook] INFO  o.s.scheduling.concurrent.ThreadPoolTaskScheduler - Shutting down ExecutorService 'Nacos-Watch-Task-Scheduler'
2023-06-08 21:46:48.258    [SpringContextShutdownHook] ERROR com.alibaba.cloud.nacos.discovery.NacosWatch - namingService unsubscribe failed, properties:NacosDiscoveryProperties{serverAddr='127.0.0.1:8848', endpoint='', namespace='', watchDelay=30000, logName='', service='order', weight=1.0, clusterName='DEFAULT', group='DEFAULT_GROUP', namingLoadCacheAtStart='false', metadata={preserved.register.source=SPRING_CLOUD}, registerEnabled=true, ip='127.0.0.1', networkInterface='', port=7001, secure=false, accessKey='', secretKey='', heartBeatInterval=null, heartBeatTimeout=null, ipDeleteTimeout=null, failFast=true}
java.lang.NullPointerException: null
	at io.undertow.servlet.spec.ServletContextImpl.getInitParameterNames(ServletContextImpl.java:430)
	at org.springframework.web.context.support.ServletContextPropertySource.getPropertyNames(ServletContextPropertySource.java:41)
	at com.alibaba.spring.util.PropertySourcesUtils.getPropertyNames(PropertySourcesUtils.java:130)
	at com.alibaba.spring.util.PropertySourcesUtils.getSubProperties(PropertySourcesUtils.java:103)
	at com.alibaba.spring.util.PropertySourcesUtils.getSubProperties(PropertySourcesUtils.java:57)
	at com.alibaba.cloud.nacos.NacosDiscoveryProperties.enrichNacosDiscoveryProperties(NacosDiscoveryProperties.java:631)
	at com.alibaba.cloud.nacos.NacosDiscoveryProperties.getNacosProperties(NacosDiscoveryProperties.java:625)
	at com.alibaba.cloud.nacos.discovery.NacosWatch.stop(NacosWatch.java:173)
	at com.alibaba.cloud.nacos.discovery.NacosWatch.stop(NacosWatch.java:105)
	at org.springframework.context.support.DefaultLifecycleProcessor.doStop(DefaultLifecycleProcessor.java:238)
	at org.springframework.context.support.DefaultLifecycleProcessor.access$300(DefaultLifecycleProcessor.java:53)
	at org.springframework.context.support.DefaultLifecycleProcessor$LifecycleGroup.stop(DefaultLifecycleProcessor.java:377)
	at org.springframework.context.support.DefaultLifecycleProcessor.stopBeans(DefaultLifecycleProcessor.java:210)
	at org.springframework.context.support.DefaultLifecycleProcessor.onClose(DefaultLifecycleProcessor.java:128)
	at org.springframework.context.support.AbstractApplicationContext.doClose(AbstractApplicationContext.java:1022)
	at org.springframework.boot.web.servlet.context.ServletWebServerApplicationContext.doClose(ServletWebServerApplicationContext.java:170)
	at org.springframework.context.support.AbstractApplicationContext$1.run(AbstractApplicationContext.java:949)
2023-06-08 21:46:48.264    [SpringContextShutdownHook] INFO  c.a.cloud.nacos.registry.NacosServiceRegistry - De-registering from Nacos Server now...
2023-06-08 21:46:48.266    [SpringContextShutdownHook] WARN  o.s.c.annotation.CommonAnnotationBeanPostProcessor - Destroy method on bean with name 'nacosAutoServiceRegistration' threw an exception: java.lang.NullPointerException
